#
# There is insufficient memory for the Java Runtime Environment to continue.
# Native memory allocation (mmap) failed to map 79691776 bytes for G1 virtual space
# Possible reasons:
#   The system is out of physical RAM or swap space
#   The process is running with CompressedOops enabled, and the Java Heap may be blocking the growth of the native heap
# Possible solutions:
#   Reduce memory load on the system
#   Increase physical memory or swap space
#   Check if swap backing store is full
#   Decrease Java heap size (-Xmx/-Xms)
#   Decrease number of Java threads
#   Decrease Java thread stack sizes (-Xss)
#   Set larger code cache with -XX:ReservedCodeCacheSize=
#   JVM is running with Unscaled Compressed Oops mode in which the Java heap is
#     placed in the first 4GB address space. The Java Heap base address is the
#     maximum limit for the native heap growth. Please use -XX:HeapBaseMinAddress
#     to set the Java Heap base and to place the Java Heap above 4GB virtual address.
# This output file may be truncated or incomplete.
#
#  Out of Memory Error (os_windows.cpp:3541), pid=11768, tid=22924
#
# JRE version: OpenJDK Runtime Environment Temurin-17.0.4.1+1 (17.0.4.1+1) (build 17.0.4.1+1)
# Java VM: OpenJDK 64-Bit Server VM Temurin-17.0.4.1+1 (17.0.4.1+1, mixed mode, tiered, compressed oops, compressed class ptrs, g1 gc, windows-amd64)
# No core dump will be written. Minidumps are not enabled by default on client versions of Windows
#

---------------  S U M M A R Y ------------

Command Line: -ea -Dfile.encoding=UTF-8 -XX:+ShowCodeDetailsInExceptionMessages org.testng.remote.RemoteTestNG -serport 62396 -protocol json -d C:\Users\LENOVO\eclipse-workspace\NewWorkSpace\Qkart_project\test-output C:\Users\LENOVO\eclipse-workspace\NewWorkSpace\Qkart_project\Registration.xml

Host: AMD Ryzen 5 5500U with Radeon Graphics         , 12 cores, 5G,  Windows 11 , 64 bit Build 22621 (10.0.22621.2070)
Time: Mon Sep 11 20:10:31 2023 India Standard Time elapsed time: 30.554214 seconds (0d 0h 0m 30s)

---------------  T H R E A D  ---------------

Current thread (0x00000265e4ec20f0):  VMThread "VM Thread" [stack: 0x000000a7cf300000,0x000000a7cf400000] [id=22924]

Stack: [0x000000a7cf300000,0x000000a7cf400000]
Native frames: (J=compiled Java code, j=interpreted, Vv=VM code, C=native code)
V  [jvm.dll+0x67731a]
V  [jvm.dll+0x832284]
V  [jvm.dll+0x833a2e]
V  [jvm.dll+0x834093]
V  [jvm.dll+0x245775]
V  [jvm.dll+0x674209]
V  [jvm.dll+0x668a92]
V  [jvm.dll+0x30471b]
V  [jvm.dll+0x30bc66]
V  [jvm.dll+0x35ba9e]
V  [jvm.dll+0x35bccf]
V  [jvm.dll+0x2db5b8]
V  [jvm.dll+0x2d986c]
V  [jvm.dll+0x2d8e3c]
V  [jvm.dll+0x31d0c1]
V  [jvm.dll+0x83853b]
V  [jvm.dll+0x839274]
V  [jvm.dll+0x83978c]
V  [jvm.dll+0x839b64]
V  [jvm.dll+0x839c30]
V  [jvm.dll+0x7e240a]
V  [jvm.dll+0x6761a5]
C  [ucrtbase.dll+0x29363]
C  [KERNEL32.DLL+0x126ad]
C  [ntdll.dll+0x5aa68]

VM_Operation (0x000000a7cedfd020): G1TryInitiateConcMark, mode: safepoint, requested by thread 0x00000265cbe8e070


---------------  P R O C E S S  ---------------

Threads class SMR info:
_java_thread_list=0x00000265e937b5c0, length=28, elements={
0x00000265cbe8e070, 0x00000265e4ec6ac0, 0x00000265e4ec8290, 0x00000265e58270d0,
0x00000265e5829aa0, 0x00000265e583d2f0, 0x00000265e583dbb0, 0x00000265e5846bb0,
0x00000265e584cab0, 0x00000265e584d4a0, 0x00000265e59c3eb0, 0x00000265e59e3160,
0x00000265e61254e0, 0x00000265e743e9c0, 0x00000265e7201c40, 0x00000265e79cc900,
0x00000265e8e77410, 0x00000265e8e76f40, 0x00000265e8e79f60, 0x00000265e8e765a0,
0x00000265e8e778e0, 0x00000265e8e78c20, 0x00000265e8e78280, 0x00000265e8e795c0,
0x00000265e8e76a70, 0x00000265e8e77db0, 0x00000265e8e790f0, 0x00000265e8e79a90
}

Java Threads: ( => current thread )
  0x00000265cbe8e070 JavaThread "main" [_thread_blocked, id=19816, stack(0x000000a7ced00000,0x000000a7cee00000)]
  0x00000265e4ec6ac0 JavaThread "Reference Handler" daemon [_thread_blocked, id=26576, stack(0x000000a7cf400000,0x000000a7cf500000)]
  0x00000265e4ec8290 JavaThread "Finalizer" daemon [_thread_blocked, id=27164, stack(0x000000a7cf500000,0x000000a7cf600000)]
  0x00000265e58270d0 JavaThread "Signal Dispatcher" daemon [_thread_blocked, id=38516, stack(0x000000a7cf600000,0x000000a7cf700000)]
  0x00000265e5829aa0 JavaThread "Attach Listener" daemon [_thread_blocked, id=31884, stack(0x000000a7cf700000,0x000000a7cf800000)]
  0x00000265e583d2f0 JavaThread "Service Thread" daemon [_thread_blocked, id=26616, stack(0x000000a7cf800000,0x000000a7cf900000)]
  0x00000265e583dbb0 JavaThread "Monitor Deflation Thread" daemon [_thread_blocked, id=1092, stack(0x000000a7cf900000,0x000000a7cfa00000)]
  0x00000265e5846bb0 JavaThread "C2 CompilerThread0" daemon [_thread_blocked, id=19236, stack(0x000000a7cfa00000,0x000000a7cfb00000)]
  0x00000265e584cab0 JavaThread "C1 CompilerThread0" daemon [_thread_blocked, id=39700, stack(0x000000a7cfb00000,0x000000a7cfc00000)]
  0x00000265e584d4a0 JavaThread "Sweeper thread" daemon [_thread_blocked, id=27852, stack(0x000000a7cfc00000,0x000000a7cfd00000)]
  0x00000265e59c3eb0 JavaThread "Notification Thread" daemon [_thread_blocked, id=36432, stack(0x000000a7cfd00000,0x000000a7cfe00000)]
  0x00000265e59e3160 JavaThread "Common-Cleaner" daemon [_thread_blocked, id=35712, stack(0x000000a7cff00000,0x000000a7d0000000)]
  0x00000265e61254e0 JavaThread "ReaderThread" [_thread_in_native, id=39256, stack(0x000000a7d0100000,0x000000a7d0200000)]
  0x00000265e743e9c0 JavaThread "ForkJoinPool.commonPool-worker-1" daemon [_thread_blocked, id=4648, stack(0x000000a7d0900000,0x000000a7d0a00000)]
  0x00000265e7201c40 JavaThread "ForkJoinPool.commonPool-worker-2" daemon [_thread_blocked, id=31092, stack(0x000000a7d0a00000,0x000000a7d0b00000)]
  0x00000265e79cc900 JavaThread "AsyncHttpClient-1-1" daemon [_thread_blocked, id=30856, stack(0x000000a7d1000000,0x000000a7d1100000)]
  0x00000265e8e77410 JavaThread "UrlChecker-2" daemon [_thread_blocked, id=2948, stack(0x000000a7d1600000,0x000000a7d1700000)]
  0x00000265e8e76f40 JavaThread "AsyncHttpClient-1-2" daemon [_thread_in_native, id=37928, stack(0x000000a7d1800000,0x000000a7d1900000)]
  0x00000265e8e79f60 JavaThread "AsyncHttpClient-1-3" daemon [_thread_in_native, id=24680, stack(0x000000a7d0f00000,0x000000a7d1000000)]
  0x00000265e8e765a0 JavaThread "AsyncHttpClient-1-4" daemon [_thread_in_native, id=35660, stack(0x000000a7d1900000,0x000000a7d1a00000)]
  0x00000265e8e778e0 JavaThread "Exec Default Executor" daemon [_thread_in_native, id=32748, stack(0x000000a7d1100000,0x000000a7d1200000)]
  0x00000265e8e78c20 JavaThread "Exec Stream Pumper" daemon [_thread_in_native, id=37412, stack(0x000000a7d1200000,0x000000a7d1300000)]
  0x00000265e8e78280 JavaThread "Exec Stream Pumper" daemon [_thread_in_native, id=21280, stack(0x000000a7d1300000,0x000000a7d1400000)]
  0x00000265e8e795c0 JavaThread "Driver Service Executor" daemon [_thread_blocked, id=33948, stack(0x000000a7d1400000,0x000000a7d1500000)]
  0x00000265e8e76a70 JavaThread "Driver Service Executor" daemon [_thread_blocked, id=23536, stack(0x000000a7d1500000,0x000000a7d1600000)]
  0x00000265e8e77db0 JavaThread "AsyncHttpClient-1-5" daemon [_thread_in_native, id=6932, stack(0x000000a7d1700000,0x000000a7d1800000)]
  0x00000265e8e790f0 JavaThread "AsyncHttpClient-1-6" daemon [_thread_in_native, id=21472, stack(0x000000a7d1a00000,0x000000a7d1b00000)]
  0x00000265e8e79a90 JavaThread "AsyncHttpClient-1-7" daemon [_thread_in_native, id=35352, stack(0x000000a7d1c00000,0x000000a7d1d00000)]

Other Threads:
=>0x00000265e4ec20f0 VMThread "VM Thread" [stack: 0x000000a7cf300000,0x000000a7cf400000] [id=22924]
  0x00000265cbf14820 WatcherThread [stack: 0x000000a7cfe00000,0x000000a7cff00000] [id=34612]
  0x00000265cbeda670 GCTaskThread "GC Thread#0" [stack: 0x000000a7cee00000,0x000000a7cef00000] [id=37584]
  0x00000265e7120c60 GCTaskThread "GC Thread#1" [stack: 0x000000a7d0200000,0x000000a7d0300000] [id=24152]
  0x00000265e70ec820 GCTaskThread "GC Thread#2" [stack: 0x000000a7d0300000,0x000000a7d0400000] [id=20136]
  0x00000265e70ecad0 GCTaskThread "GC Thread#3" [stack: 0x000000a7d0400000,0x000000a7d0500000] [id=30412]
  0x00000265e70d2f50 GCTaskThread "GC Thread#4" [stack: 0x000000a7d0500000,0x000000a7d0600000] [id=6468]
  0x00000265e71e80a0 GCTaskThread "GC Thread#5" [stack: 0x000000a7d0600000,0x000000a7d0700000] [id=15132]
  0x00000265e723f690 GCTaskThread "GC Thread#6" [stack: 0x000000a7d0700000,0x000000a7d0800000] [id=25624]
  0x00000265e7240150 GCTaskThread "GC Thread#7" [stack: 0x000000a7d0800000,0x000000a7d0900000] [id=24488]
  0x00000265e74751c0 GCTaskThread "GC Thread#8" [stack: 0x000000a7d0b00000,0x000000a7d0c00000] [id=356]
  0x00000265e7475c90 GCTaskThread "GC Thread#9" [stack: 0x000000a7d0c00000,0x000000a7d0d00000] [id=36592]
  0x00000265cbf048c0 ConcurrentGCThread "G1 Main Marker" [stack: 0x000000a7cef00000,0x000000a7cf000000] [id=38464]
  0x00000265cbf05170 ConcurrentGCThread "G1 Conc#0" [stack: 0x000000a7cf000000,0x000000a7cf100000] [id=34868]
  0x00000265e70d2b40 ConcurrentGCThread "G1 Conc#1" [stack: 0x000000a7d0d00000,0x000000a7d0e00000] [id=29832]
  0x00000265e73ad520 ConcurrentGCThread "G1 Conc#2" [stack: 0x000000a7d0e00000,0x000000a7d0f00000] [id=37796]
  0x00000265e4d380f0 ConcurrentGCThread "G1 Refine#0" [stack: 0x000000a7cf100000,0x000000a7cf200000] [id=23560]
  0x00000265e4d389b0 ConcurrentGCThread "G1 Service" [stack: 0x000000a7cf200000,0x000000a7cf300000] [id=10776]

Threads with active compile tasks:
C2 CompilerThread0    30580 3505       4       org.openqa.selenium.json.JsonInput::readString (121 bytes)

VM state: at safepoint (normal execution)

VM Mutex/Monitor currently owned by a thread:  ([mutex/lock_event])
[0x00000265cbe8a8f0] Threads_lock - owner thread: 0x00000265e4ec20f0
[0x00000265cbe8afb0] Heap_lock - owner thread: 0x00000265cbe8e070

Heap address: 0x00000000a2200000, size: 1502 MB, Compressed Oops mode: 32-bit

CDS archive(s) not mapped
Compressed class space mapped at: 0x0000000100000000-0x0000000140000000, reserved size: 1073741824
Narrow klass base: 0x0000000000000000, Narrow klass shift: 3, Narrow klass range: 0x140000000

GC Precious Log:
 CPUs: 12 total, 12 available
 Memory: 6005M
 Large Page Support: Disabled
 NUMA Support: Disabled
 Compressed Oops: Enabled (32-bit)
 Heap Region Size: 1M
 Heap Min Capacity: 8M
 Heap Initial Capacity: 94M
 Heap Max Capacity: 1502M
 Pre-touch: Disabled
 Parallel Workers: 10
 Concurrent Workers: 3
 Concurrent Refinement Workers: 10
 Periodic GC: Disabled

Heap:
 garbage-first heap   total 96256K, used 36848K [0x00000000a2200000, 0x0000000100000000)
  region size 1024K, 1 young (1024K), 1 survivors (1024K)
 Metaspace       used 41176K, committed 41472K, reserved 1089536K
  class space    used 4763K, committed 4928K, reserved 1048576K

Heap Regions: E=young(eden), S=young(survivor), O=old, HS=humongous(starts), HC=humongous(continues), CS=collection set, F=free, OA=open archive, CA=closed archive, TAMS=top-at-mark-start (previous, next)
|   0|0x00000000a2200000, 0x00000000a2300000, 0x00000000a2300000|100%| O|  |TAMS 0x00000000a2300000, 0x00000000a2300000| Untracked 
|   1|0x00000000a2300000, 0x00000000a2400000, 0x00000000a2400000|100%| O|  |TAMS 0x00000000a2400000, 0x00000000a2400000| Untracked 
|   2|0x00000000a2400000, 0x00000000a2500000, 0x00000000a2500000|100%| O|  |TAMS 0x00000000a2500000, 0x00000000a2500000| Untracked 
|   3|0x00000000a2500000, 0x00000000a2600000, 0x00000000a2600000|100%| O|  |TAMS 0x00000000a2600000, 0x00000000a2600000| Untracked 
|   4|0x00000000a2600000, 0x00000000a2700000, 0x00000000a2700000|100%| O|  |TAMS 0x00000000a2700000, 0x00000000a2700000| Untracked 
|   5|0x00000000a2700000, 0x00000000a2800000, 0x00000000a2800000|100%| O|  |TAMS 0x00000000a2800000, 0x00000000a2800000| Untracked 
|   6|0x00000000a2800000, 0x00000000a2900000, 0x00000000a2900000|100%| O|  |TAMS 0x00000000a2900000, 0x00000000a2900000| Untracked 
|   7|0x00000000a2900000, 0x00000000a2a00000, 0x00000000a2a00000|100%| O|  |TAMS 0x00000000a2a00000, 0x00000000a2a00000| Untracked 
|   8|0x00000000a2a00000, 0x00000000a2b00000, 0x00000000a2b00000|100%| O|  |TAMS 0x00000000a2b00000, 0x00000000a2b00000| Untracked 
|   9|0x00000000a2b00000, 0x00000000a2c00000, 0x00000000a2c00000|100%| O|  |TAMS 0x00000000a2c00000, 0x00000000a2c00000| Untracked 
|  10|0x00000000a2c00000, 0x00000000a2d00000, 0x00000000a2d00000|100%| O|  |TAMS 0x00000000a2d00000, 0x00000000a2d00000| Untracked 
|  11|0x00000000a2d00000, 0x00000000a2e00000, 0x00000000a2e00000|100%| O|  |TAMS 0x00000000a2e00000, 0x00000000a2e00000| Untracked 
|  12|0x00000000a2e00000, 0x00000000a2f00000, 0x00000000a2f00000|100%| O|  |TAMS 0x00000000a2f00000, 0x00000000a2f00000| Untracked 
|  13|0x00000000a2f00000, 0x00000000a3000000, 0x00000000a3000000|100%| O|  |TAMS 0x00000000a3000000, 0x00000000a3000000| Untracked 
|  14|0x00000000a3000000, 0x00000000a30fec00, 0x00000000a3100000| 99%| O|  |TAMS 0x00000000a30fec00, 0x00000000a30fec00| Untracked 
|  15|0x00000000a3100000, 0x00000000a3200000, 0x00000000a3200000|100%|HS|  |TAMS 0x00000000a3200000, 0x00000000a3200000| Complete 
|  16|0x00000000a3200000, 0x00000000a3300000, 0x00000000a3300000|100%|HC|  |TAMS 0x00000000a3300000, 0x00000000a3300000| Complete 
|  17|0x00000000a3300000, 0x00000000a3400000, 0x00000000a3400000|100%|HC|  |TAMS 0x00000000a3400000, 0x00000000a3400000| Complete 
|  18|0x00000000a3400000, 0x00000000a3500000, 0x00000000a3500000|100%|HC|  |TAMS 0x00000000a3500000, 0x00000000a3500000| Complete 
|  19|0x00000000a3500000, 0x00000000a3600000, 0x00000000a3600000|100%|HC|  |TAMS 0x00000000a3600000, 0x00000000a3600000| Complete 
|  20|0x00000000a3600000, 0x00000000a3700000, 0x00000000a3700000|100%|HS|  |TAMS 0x00000000a3700000, 0x00000000a3700000| Complete 
|  21|0x00000000a3700000, 0x00000000a3800000, 0x00000000a3800000|100%|HC|  |TAMS 0x00000000a3800000, 0x00000000a3800000| Complete 
|  22|0x00000000a3800000, 0x00000000a3900000, 0x00000000a3900000|100%|HC|  |TAMS 0x00000000a3900000, 0x00000000a3900000| Complete 
|  23|0x00000000a3900000, 0x00000000a3a00000, 0x00000000a3a00000|100%|HC|  |TAMS 0x00000000a3a00000, 0x00000000a3a00000| Complete 
|  24|0x00000000a3a00000, 0x00000000a3b00000, 0x00000000a3b00000|100%|HC|  |TAMS 0x00000000a3b00000, 0x00000000a3b00000| Complete 
|  25|0x00000000a3b00000, 0x00000000a3b00000, 0x00000000a3c00000|  0%| F|  |TAMS 0x00000000a3b00000, 0x00000000a3b00000| Untracked 
|  26|0x00000000a3c00000, 0x00000000a3c00000, 0x00000000a3d00000|  0%| F|  |TAMS 0x00000000a3c00000, 0x00000000a3c00000| Untracked 
|  27|0x00000000a3d00000, 0x00000000a3d00000, 0x00000000a3e00000|  0%| F|  |TAMS 0x00000000a3d00000, 0x00000000a3d00000| Untracked 
|  28|0x00000000a3e00000, 0x00000000a3f00000, 0x00000000a3f00000|100%| O|  |TAMS 0x00000000a3e00000, 0x00000000a3f00000| Untracked 
|  29|0x00000000a3f00000, 0x00000000a4000000, 0x00000000a4000000|100%| O|  |TAMS 0x00000000a3f00000, 0x00000000a4000000| Untracked 
|  30|0x00000000a4000000, 0x00000000a4100000, 0x00000000a4100000|100%|HS|  |TAMS 0x00000000a4000000, 0x00000000a4100000| Complete 
|  31|0x00000000a4100000, 0x00000000a4200000, 0x00000000a4200000|100%|HC|  |TAMS 0x00000000a4100000, 0x00000000a4200000| Complete 
|  32|0x00000000a4200000, 0x00000000a4300000, 0x00000000a4300000|100%|HS|  |TAMS 0x00000000a4200000, 0x00000000a4300000| Complete 
|  33|0x00000000a4300000, 0x00000000a4400000, 0x00000000a4400000|100%|HC|  |TAMS 0x00000000a4300000, 0x00000000a4400000| Complete 
|  34|0x00000000a4400000, 0x00000000a4500000, 0x00000000a4500000|100%|HC|  |TAMS 0x00000000a4400000, 0x00000000a4500000| Complete 
|  35|0x00000000a4500000, 0x00000000a4500000, 0x00000000a4600000|  0%| F|  |TAMS 0x00000000a4500000, 0x00000000a4500000| Untracked 
|  36|0x00000000a4600000, 0x00000000a4600000, 0x00000000a4700000|  0%| F|  |TAMS 0x00000000a4600000, 0x00000000a4600000| Untracked 
|  37|0x00000000a4700000, 0x00000000a4700000, 0x00000000a4800000|  0%| F|  |TAMS 0x00000000a4700000, 0x00000000a4700000| Untracked 
|  38|0x00000000a4800000, 0x00000000a4800000, 0x00000000a4900000|  0%| F|  |TAMS 0x00000000a4800000, 0x00000000a4800000| Untracked 
|  39|0x00000000a4900000, 0x00000000a4900000, 0x00000000a4a00000|  0%| F|  |TAMS 0x00000000a4900000, 0x00000000a4900000| Untracked 
|  40|0x00000000a4a00000, 0x00000000a4a00000, 0x00000000a4b00000|  0%| F|  |TAMS 0x00000000a4a00000, 0x00000000a4a00000| Untracked 
|  41|0x00000000a4b00000, 0x00000000a4b00000, 0x00000000a4c00000|  0%| F|  |TAMS 0x00000000a4b00000, 0x00000000a4b00000| Untracked 
|  42|0x00000000a4c00000, 0x00000000a4c00000, 0x00000000a4d00000|  0%| F|  |TAMS 0x00000000a4c00000, 0x00000000a4c00000| Untracked 
|  43|0x00000000a4d00000, 0x00000000a4e00000, 0x00000000a4e00000|100%|HS|  |TAMS 0x00000000a4d00000, 0x00000000a4e00000| Complete 
|  44|0x00000000a4e00000, 0x00000000a4f00000, 0x00000000a4f00000|100%|HC|  |TAMS 0x00000000a4e00000, 0x00000000a4f00000| Complete 
|  45|0x00000000a4f00000, 0x00000000a4f00000, 0x00000000a5000000|  0%| F|  |TAMS 0x00000000a4f00000, 0x00000000a4f00000| Untracked 
|  46|0x00000000a5000000, 0x00000000a5000000, 0x00000000a5100000|  0%| F|  |TAMS 0x00000000a5000000, 0x00000000a5000000| Untracked 
|  47|0x00000000a5100000, 0x00000000a5100000, 0x00000000a5200000|  0%| F|  |TAMS 0x00000000a5100000, 0x00000000a5100000| Untracked 
|  48|0x00000000a5200000, 0x00000000a5300000, 0x00000000a5300000|100%| O|  |TAMS 0x00000000a5200000, 0x00000000a5300000| Untracked 
|  49|0x00000000a5300000, 0x00000000a5300000, 0x00000000a5400000|  0%| F|  |TAMS 0x00000000a5300000, 0x00000000a5300000| Untracked 
|  50|0x00000000a5400000, 0x00000000a5400000, 0x00000000a5500000|  0%| F|  |TAMS 0x00000000a5400000, 0x00000000a5400000| Untracked 
|  51|0x00000000a5500000, 0x00000000a5500000, 0x00000000a5600000|  0%| F|  |TAMS 0x00000000a5500000, 0x00000000a5500000| Untracked 
|  52|0x00000000a5600000, 0x00000000a56fb000, 0x00000000a5700000| 98%| O|  |TAMS 0x00000000a5600000, 0x00000000a56fb000| Untracked 
|  53|0x00000000a5700000, 0x00000000a5700000, 0x00000000a5800000|  0%| F|  |TAMS 0x00000000a5700000, 0x00000000a5700000| Untracked 
|  54|0x00000000a5800000, 0x00000000a5800000, 0x00000000a5900000|  0%| F|  |TAMS 0x00000000a5800000, 0x00000000a5800000| Untracked 
|  55|0x00000000a5900000, 0x00000000a5900000, 0x00000000a5a00000|  0%| F|  |TAMS 0x00000000a5900000, 0x00000000a5900000| Untracked 
|  56|0x00000000a5a00000, 0x00000000a5a00000, 0x00000000a5b00000|  0%| F|  |TAMS 0x00000000a5a00000, 0x00000000a5a00000| Untracked 
|  57|0x00000000a5b00000, 0x00000000a5b00000, 0x00000000a5c00000|  0%| F|  |TAMS 0x00000000a5b00000, 0x00000000a5b00000| Untracked 
|  58|0x00000000a5c00000, 0x00000000a5c00000, 0x00000000a5d00000|  0%| F|  |TAMS 0x00000000a5c00000, 0x00000000a5c00000| Untracked 
|  59|0x00000000a5d00000, 0x00000000a5d00000, 0x00000000a5e00000|  0%| F|  |TAMS 0x00000000a5d00000, 0x00000000a5d00000| Untracked 
|  60|0x00000000a5e00000, 0x00000000a5e00000, 0x00000000a5f00000|  0%| F|  |TAMS 0x00000000a5e00000, 0x00000000a5e00000| Untracked 
|  61|0x00000000a5f00000, 0x00000000a5f00000, 0x00000000a6000000|  0%| F|  |TAMS 0x00000000a5f00000, 0x00000000a5f00000| Untracked 
|  62|0x00000000a6000000, 0x00000000a6000000, 0x00000000a6100000|  0%| F|  |TAMS 0x00000000a6000000, 0x00000000a6000000| Untracked 
|  63|0x00000000a6100000, 0x00000000a6100000, 0x00000000a6200000|  0%| F|  |TAMS 0x00000000a6100000, 0x00000000a6100000| Untracked 
|  64|0x00000000a6200000, 0x00000000a6200000, 0x00000000a6300000|  0%| F|  |TAMS 0x00000000a6200000, 0x00000000a6200000| Untracked 
|  65|0x00000000a6300000, 0x00000000a6300000, 0x00000000a6400000|  0%| F|  |TAMS 0x00000000a6300000, 0x00000000a6300000| Untracked 
|  66|0x00000000a6400000, 0x00000000a6400000, 0x00000000a6500000|  0%| F|  |TAMS 0x00000000a6400000, 0x00000000a6400000| Untracked 
|  67|0x00000000a6500000, 0x00000000a6500000, 0x00000000a6600000|  0%| F|  |TAMS 0x00000000a6500000, 0x00000000a6500000| Untracked 
|  68|0x00000000a6600000, 0x00000000a6600000, 0x00000000a6700000|  0%| F|  |TAMS 0x00000000a6600000, 0x00000000a6600000| Untracked 
|  69|0x00000000a6700000, 0x00000000a6700000, 0x00000000a6800000|  0%| F|  |TAMS 0x00000000a6700000, 0x00000000a6700000| Untracked 
|  70|0x00000000a6800000, 0x00000000a6800000, 0x00000000a6900000|  0%| F|  |TAMS 0x00000000a6800000, 0x00000000a6800000| Untracked 
|  71|0x00000000a6900000, 0x00000000a6900000, 0x00000000a6a00000|  0%| F|  |TAMS 0x00000000a6900000, 0x00000000a6900000| Untracked 
|  72|0x00000000a6a00000, 0x00000000a6a00000, 0x00000000a6b00000|  0%| F|  |TAMS 0x00000000a6a00000, 0x00000000a6a00000| Untracked 
|  73|0x00000000a6b00000, 0x00000000a6b00000, 0x00000000a6c00000|  0%| F|  |TAMS 0x00000000a6b00000, 0x00000000a6b00000| Untracked 
|  74|0x00000000a6c00000, 0x00000000a6c00000, 0x00000000a6d00000|  0%| F|  |TAMS 0x00000000a6c00000, 0x00000000a6c00000| Untracked 
|  75|0x00000000a6d00000, 0x00000000a6d00000, 0x00000000a6e00000|  0%| F|  |TAMS 0x00000000a6d00000, 0x00000000a6d00000| Untracked 
|  76|0x00000000a6e00000, 0x00000000a6e00000, 0x00000000a6f00000|  0%| F|  |TAMS 0x00000000a6e00000, 0x00000000a6e00000| Untracked 
|  77|0x00000000a6f00000, 0x00000000a6f00000, 0x00000000a7000000|  0%| F|  |TAMS 0x00000000a6f00000, 0x00000000a6f00000| Untracked 
|  78|0x00000000a7000000, 0x00000000a7000000, 0x00000000a7100000|  0%| F|  |TAMS 0x00000000a7000000, 0x00000000a7000000| Untracked 
|  79|0x00000000a7100000, 0x00000000a7100000, 0x00000000a7200000|  0%| F|  |TAMS 0x00000000a7100000, 0x00000000a7100000| Untracked 
|  80|0x00000000a7200000, 0x00000000a7200000, 0x00000000a7300000|  0%| F|  |TAMS 0x00000000a7200000, 0x00000000a7200000| Untracked 
|  81|0x00000000a7300000, 0x00000000a7300000, 0x00000000a7400000|  0%| F|  |TAMS 0x00000000a7300000, 0x00000000a7300000| Untracked 
|  82|0x00000000a7400000, 0x00000000a7400000, 0x00000000a7500000|  0%| F|  |TAMS 0x00000000a7400000, 0x00000000a7400000| Untracked 
|  83|0x00000000a7500000, 0x00000000a75025c8, 0x00000000a7600000|  0%| S|CS|TAMS 0x00000000a7500000, 0x00000000a7500000| Complete 
|  84|0x00000000a7600000, 0x00000000a7600000, 0x00000000a7700000|  0%| F|  |TAMS 0x00000000a7600000, 0x00000000a7600000| Untracked 
|  85|0x00000000a7700000, 0x00000000a7700000, 0x00000000a7800000|  0%| F|  |TAMS 0x00000000a7700000, 0x00000000a7700000| Untracked 
|  86|0x00000000a7800000, 0x00000000a7800000, 0x00000000a7900000|  0%| F|  |TAMS 0x00000000a7800000, 0x00000000a7800000| Untracked 
|  87|0x00000000a7900000, 0x00000000a7900000, 0x00000000a7a00000|  0%| F|  |TAMS 0x00000000a7900000, 0x00000000a7900000| Untracked 
|  88|0x00000000a7a00000, 0x00000000a7a00000, 0x00000000a7b00000|  0%| F|  |TAMS 0x00000000a7a00000, 0x00000000a7a00000| Untracked 
|  89|0x00000000a7b00000, 0x00000000a7b00000, 0x00000000a7c00000|  0%| F|  |TAMS 0x00000000a7b00000, 0x00000000a7b00000| Untracked 
|  90|0x00000000a7c00000, 0x00000000a7c00000, 0x00000000a7d00000|  0%| F|  |TAMS 0x00000000a7c00000, 0x00000000a7c00000| Untracked 
|  91|0x00000000a7d00000, 0x00000000a7d00000, 0x00000000a7e00000|  0%| F|  |TAMS 0x00000000a7d00000, 0x00000000a7d00000| Untracked 
|  92|0x00000000a7e00000, 0x00000000a7e00000, 0x00000000a7f00000|  0%| F|  |TAMS 0x00000000a7e00000, 0x00000000a7e00000| Untracked 
|  93|0x00000000a7f00000, 0x00000000a7f00000, 0x00000000a8000000|  0%| F|  |TAMS 0x00000000a7f00000, 0x00000000a7f00000| Untracked 

Card table byte_map: [0x00000265ded80000,0x00000265df070000] _byte_map_base: 0x00000265de86f000

Marking Bits (Prev, Next): (CMBitMap*) 0x00000265cbedab60, (CMBitMap*) 0x00000265cbedab20
 Prev Bits: [0x00000265e0ae0000, 0x00000265e2258000)
 Next Bits: [0x00000265df360000, 0x00000265e0ad8000)

Polling page: 0x00000265c9e80000

Metaspace:

Usage:
  Non-class:     35.56 MB used.
      Class:      4.65 MB used.
       Both:     40.21 MB used.

Virtual space:
  Non-class space:       40.00 MB reserved,      35.69 MB ( 89%) committed,  5 nodes.
      Class space:        1.00 GB reserved,       4.81 MB ( <1%) committed,  1 nodes.
             Both:        1.04 GB reserved,      40.50 MB (  4%) committed. 

Chunk freelists:
   Non-Class:  256.00 KB
       Class:  3.23 MB
        Both:  3.48 MB

MaxMetaspaceSize: unlimited
CompressedClassSpaceSize: 1.00 GB
Initial GC threshold: 21.00 MB
Current GC threshold: 67.50 MB
CDS: off
MetaspaceReclaimPolicy: balanced
 - commit_granule_bytes: 65536.
 - commit_granule_words: 8192.
 - virtual_space_node_default_size: 1048576.
 - enlarge_chunks_in_place: 1.
 - new_chunks_are_fully_committed: 0.
 - uncommit_free_chunks: 1.
 - use_allocation_guard: 0.
 - handle_deallocations: 1.


Internal statistics:

num_allocs_failed_limit: 6.
num_arena_births: 260.
num_arena_deaths: 0.
num_vsnodes_births: 6.
num_vsnodes_deaths: 0.
num_space_committed: 648.
num_space_uncommitted: 0.
num_chunks_returned_to_freelist: 6.
num_chunks_taken_from_freelist: 1180.
num_chunk_merges: 6.
num_chunk_splits: 853.
num_chunks_enlarged: 697.
num_purges: 0.
num_inconsistent_stats: 0.

CodeHeap 'non-profiled nmethods': size=120000Kb used=1537Kb max_used=1537Kb free=118462Kb
 bounds [0x00000265d7010000, 0x00000265d7280000, 0x00000265de540000]
CodeHeap 'profiled nmethods': size=120000Kb used=6802Kb max_used=6802Kb free=113197Kb
 bounds [0x00000265cfae0000, 0x00000265d0190000, 0x00000265d7010000]
CodeHeap 'non-nmethods': size=5760Kb used=1318Kb max_used=1362Kb free=4442Kb
 bounds [0x00000265cf540000, 0x00000265cf7b0000, 0x00000265cfae0000]
 total_blobs=4143 nmethods=3502 adapters=553
 compilation: enabled
              stopped_count=0, restarted_count=0
 full_count=0

Compilation events (20 events):
Event: 30.480 Thread 0x00000265e584cab0 nmethod 3497 0x00000265d7190410 code [0x00000265d71905a0, 0x00000265d7190678]
Event: 30.480 Thread 0x00000265e584cab0 3498       3       java.nio.Buffer::checkScope (16 bytes)
Event: 30.480 Thread 0x00000265e584cab0 nmethod 3498 0x00000265d0180590 code [0x00000265d0180760, 0x00000265d0180ad8]
Event: 30.481 Thread 0x00000265e584cab0 3499       3       java.nio.ByteBuffer::put (9 bytes)
Event: 30.481 Thread 0x00000265e584cab0 nmethod 3499 0x00000265d0180c10 code [0x00000265d0180dc0, 0x00000265d0180f88]
Event: 30.481 Thread 0x00000265e584cab0 3500       3       java.nio.HeapByteBuffer::put (64 bytes)
Event: 30.482 Thread 0x00000265e584cab0 nmethod 3500 0x00000265d0181090 code [0x00000265d01812e0, 0x00000265d0181bd8]
Event: 30.482 Thread 0x00000265e584cab0 3501       3       java.io.InputStream::read (9 bytes)
Event: 30.482 Thread 0x00000265e584cab0 nmethod 3501 0x00000265d0181f10 code [0x00000265d01820c0, 0x00000265d0182288]
Event: 30.482 Thread 0x00000265e584cab0 3502  s    3       com.google.common.io.FileBackedOutputStream::write (16 bytes)
Event: 30.482 Thread 0x00000265e584cab0 nmethod 3502 0x00000265d0182390 code [0x00000265d0182540, 0x00000265d0182818]
Event: 30.482 Thread 0x00000265e584cab0 3503   !   3       com.google.common.io.FileBackedOutputStream::update (104 bytes)
Event: 30.483 Thread 0x00000265e584cab0 nmethod 3503 0x00000265d0182910 code [0x00000265d0182b20, 0x00000265d01831c8]
Event: 30.483 Thread 0x00000265e584cab0 3504       3       java.io.FilterInputStream::read (9 bytes)
Event: 30.483 Thread 0x00000265e584cab0 nmethod 3504 0x00000265d0183490 code [0x00000265d0183640, 0x00000265d0183808]
Event: 30.485 Thread 0x00000265e5846bb0 3505       4       org.openqa.selenium.json.JsonInput::readString (121 bytes)
Event: 30.496 Thread 0x00000265e584cab0 3506   !   3       java.io.StringReader::read (105 bytes)
Event: 30.497 Thread 0x00000265e584cab0 nmethod 3506 0x00000265d0183910 code [0x00000265d0183b40, 0x00000265d01842e8]
Event: 30.497 Thread 0x00000265e584cab0 3507       3       java.io.StringReader::ensureOpen (18 bytes)
Event: 30.497 Thread 0x00000265e584cab0 nmethod 3507 0x00000265d0184710 code [0x00000265d01848c0, 0x00000265d0184ac8]

GC Heap History (20 events):
Event: 1.618 GC heap after
{Heap after GC invocations=5 (full 0):
 garbage-first heap   total 34816K, used 9854K [0x00000000a2200000, 0x0000000100000000)
  region size 1024K, 2 young (2048K), 2 survivors (2048K)
 Metaspace       used 23587K, committed 23808K, reserved 1073152K
  class space    used 2489K, committed 2624K, reserved 1048576K
}
Event: 1.631 GC heap before
{Heap before GC invocations=5 (full 0):
 garbage-first heap   total 34816K, used 24190K [0x00000000a2200000, 0x0000000100000000)
  region size 1024K, 16 young (16384K), 2 survivors (2048K)
 Metaspace       used 23587K, committed 23808K, reserved 1073152K
  class space    used 2489K, committed 2624K, reserved 1048576K
}
Event: 1.633 GC heap after
{Heap after GC invocations=6 (full 0):
 garbage-first heap   total 34816K, used 10406K [0x00000000a2200000, 0x0000000100000000)
  region size 1024K, 1 young (1024K), 1 survivors (1024K)
 Metaspace       used 23587K, committed 23808K, reserved 1073152K
  class space    used 2489K, committed 2624K, reserved 1048576K
}
Event: 1.900 GC heap before
{Heap before GC invocations=6 (full 0):
 garbage-first heap   total 34816K, used 25766K [0x00000000a2200000, 0x0000000100000000)
  region size 1024K, 16 young (16384K), 1 survivors (1024K)
 Metaspace       used 26353K, committed 26624K, reserved 1073152K
  class space    used 2868K, committed 3008K, reserved 1048576K
}
Event: 1.902 GC heap after
{Heap after GC invocations=7 (full 0):
 garbage-first heap   total 34816K, used 11594K [0x00000000a2200000, 0x0000000100000000)
  region size 1024K, 2 young (2048K), 2 survivors (2048K)
 Metaspace       used 26353K, committed 26624K, reserved 1073152K
  class space    used 2868K, committed 3008K, reserved 1048576K
}
Event: 2.802 GC heap before
{Heap before GC invocations=7 (full 0):
 garbage-first heap   total 34816K, used 24906K [0x00000000a2200000, 0x0000000100000000)
  region size 1024K, 16 young (16384K), 2 survivors (2048K)
 Metaspace       used 31036K, committed 31296K, reserved 1081344K
  class space    used 3510K, committed 3648K, reserved 1048576K
}
Event: 2.805 GC heap after
{Heap after GC invocations=8 (full 0):
 garbage-first heap   total 34816K, used 13138K [0x00000000a2200000, 0x0000000100000000)
  region size 1024K, 2 young (2048K), 2 survivors (2048K)
 Metaspace       used 31036K, committed 31296K, reserved 1081344K
  class space    used 3510K, committed 3648K, reserved 1048576K
}
Event: 3.044 GC heap before
{Heap before GC invocations=8 (full 0):
 garbage-first heap   total 34816K, used 25426K [0x00000000a2200000, 0x0000000100000000)
  region size 1024K, 14 young (14336K), 2 survivors (2048K)
 Metaspace       used 34753K, committed 35008K, reserved 1081344K
  class space    used 3908K, committed 4032K, reserved 1048576K
}
Event: 3.047 GC heap after
{Heap after GC invocations=9 (full 0):
 garbage-first heap   total 34816K, used 15257K [0x00000000a2200000, 0x0000000100000000)
  region size 1024K, 2 young (2048K), 2 survivors (2048K)
 Metaspace       used 34753K, committed 35008K, reserved 1081344K
  class space    used 3908K, committed 4032K, reserved 1048576K
}
Event: 3.212 GC heap before
{Heap before GC invocations=9 (full 0):
 garbage-first heap   total 34816K, used 18329K [0x00000000a2200000, 0x0000000100000000)
  region size 1024K, 6 young (6144K), 2 survivors (2048K)
 Metaspace       used 35819K, committed 36096K, reserved 1081344K
  class space    used 4045K, committed 4160K, reserved 1048576K
}
Event: 3.214 GC heap after
{Heap after GC invocations=10 (full 0):
 garbage-first heap   total 69632K, used 15817K [0x00000000a2200000, 0x0000000100000000)
  region size 1024K, 1 young (1024K), 1 survivors (1024K)
 Metaspace       used 35819K, committed 36096K, reserved 1081344K
  class space    used 4045K, committed 4160K, reserved 1048576K
}
Event: 13.382 GC heap before
{Heap before GC invocations=11 (full 0):
 garbage-first heap   total 58368K, used 47561K [0x00000000a2200000, 0x0000000100000000)
  region size 1024K, 29 young (29696K), 1 survivors (1024K)
 Metaspace       used 40998K, committed 41280K, reserved 1089536K
  class space    used 4763K, committed 4928K, reserved 1048576K
}
Event: 13.386 GC heap after
{Heap after GC invocations=12 (full 0):
 garbage-first heap   total 58368K, used 22750K [0x00000000a2200000, 0x0000000100000000)
  region size 1024K, 3 young (3072K), 3 survivors (3072K)
 Metaspace       used 40998K, committed 41280K, reserved 1089536K
  class space    used 4763K, committed 4928K, reserved 1048576K
}
Event: 30.476 GC heap before
{Heap before GC invocations=12 (full 0):
 garbage-first heap   total 58368K, used 30942K [0x00000000a2200000, 0x0000000100000000)
  region size 1024K, 8 young (8192K), 3 survivors (3072K)
 Metaspace       used 41171K, committed 41472K, reserved 1089536K
  class space    used 4763K, committed 4928K, reserved 1048576K
}
Event: 30.479 GC heap after
{Heap after GC invocations=13 (full 0):
 garbage-first heap   total 58368K, used 29881K [0x00000000a2200000, 0x0000000100000000)
  region size 1024K, 3 young (3072K), 3 survivors (3072K)
 Metaspace       used 41171K, committed 41472K, reserved 1089536K
  class space    used 4763K, committed 4928K, reserved 1048576K
}
Event: 30.500 GC heap before
{Heap before GC invocations=14 (full 0):
 garbage-first heap   total 87040K, used 51385K [0x00000000a2200000, 0x0000000100000000)
  region size 1024K, 5 young (5120K), 3 survivors (3072K)
 Metaspace       used 41176K, committed 41472K, reserved 1089536K
  class space    used 4763K, committed 4928K, reserved 1048576K
}
Event: 30.502 GC heap after
{Heap after GC invocations=15 (full 0):
 garbage-first heap   total 87040K, used 36969K [0x00000000a2200000, 0x0000000100000000)
  region size 1024K, 1 young (1024K), 1 survivors (1024K)
 Metaspace       used 41176K, committed 41472K, reserved 1089536K
  class space    used 4763K, committed 4928K, reserved 1048576K
}
Event: 30.507 GC heap before
{Heap before GC invocations=15 (full 0):
 garbage-first heap   total 87040K, used 40041K [0x00000000a2200000, 0x0000000100000000)
  region size 1024K, 2 young (2048K), 1 survivors (1024K)
 Metaspace       used 41176K, committed 41472K, reserved 1089536K
  class space    used 4763K, committed 4928K, reserved 1048576K
}
Event: 30.508 GC heap after
{Heap after GC invocations=16 (full 0):
 garbage-first heap   total 87040K, used 37896K [0x00000000a2200000, 0x0000000100000000)
  region size 1024K, 1 young (1024K), 1 survivors (1024K)
 Metaspace       used 41176K, committed 41472K, reserved 1089536K
  class space    used 4763K, committed 4928K, reserved 1048576K
}
Event: 30.509 GC heap before
{Heap before GC invocations=16 (full 0):
 garbage-first heap   total 87040K, used 39944K [0x00000000a2200000, 0x0000000100000000)
  region size 1024K, 2 young (2048K), 1 survivors (1024K)
 Metaspace       used 41176K, committed 41472K, reserved 1089536K
  class space    used 4763K, committed 4928K, reserved 1048576K
}

Deoptimization events (20 events):
Event: 12.584 Thread 0x00000265cbe8e070 Uncommon trap: trap_request=0xffffffde fr.pc=0x00000265d705b5ec relative=0x0000000000000ecc
Event: 12.584 Thread 0x00000265cbe8e070 Uncommon trap: reason=class_check action=maybe_recompile pc=0x00000265d705b5ec method=java.util.concurrent.ConcurrentHashMap.putVal(Ljava/lang/Object;Ljava/lang/Object;Z)Ljava/lang/Object; @ 242 c2
Event: 12.584 Thread 0x00000265cbe8e070 DEOPT PACKING pc=0x00000265d705b5ec sp=0x000000a7cedfe250
Event: 12.584 Thread 0x00000265cbe8e070 DEOPT UNPACKING pc=0x00000265cf5923a3 sp=0x000000a7cedfe1c0 mode 2
Event: 12.714 Thread 0x00000265cbe8e070 Uncommon trap: trap_request=0x00000055 fr.pc=0x00000265d715d054 relative=0x0000000000000114
Event: 12.714 Thread 0x00000265cbe8e070 Uncommon trap: reason=unloaded action=reinterpret pc=0x00000265d715d054 method=org.openqa.selenium.json.Input.fill()Z @ 60 c2
Event: 12.714 Thread 0x00000265cbe8e070 DEOPT PACKING pc=0x00000265d715d054 sp=0x000000a7cedfd5d0
Event: 12.714 Thread 0x00000265cbe8e070 DEOPT UNPACKING pc=0x00000265cf5923a3 sp=0x000000a7cedfd548 mode 2
Event: 12.723 Thread 0x00000265cbe8e070 DEOPT PACKING pc=0x00000265cff6ce71 sp=0x000000a7cedfd400
Event: 12.723 Thread 0x00000265cbe8e070 DEOPT UNPACKING pc=0x00000265cf592b43 sp=0x000000a7cedfc910 mode 0
Event: 27.162 Thread 0x00000265cbe8e070 Uncommon trap: trap_request=0xffffffde fr.pc=0x00000265d705b5ec relative=0x0000000000000ecc
Event: 27.162 Thread 0x00000265cbe8e070 Uncommon trap: reason=class_check action=maybe_recompile pc=0x00000265d705b5ec method=java.util.concurrent.ConcurrentHashMap.putVal(Ljava/lang/Object;Ljava/lang/Object;Z)Ljava/lang/Object; @ 242 c2
Event: 27.162 Thread 0x00000265cbe8e070 DEOPT PACKING pc=0x00000265d705b5ec sp=0x000000a7cedfe250
Event: 27.162 Thread 0x00000265cbe8e070 DEOPT UNPACKING pc=0x00000265cf5923a3 sp=0x000000a7cedfe1c0 mode 2
Event: 30.021 Thread 0x00000265cbe8e070 Uncommon trap: trap_request=0xffffffde fr.pc=0x00000265d705b5ec relative=0x0000000000000ecc
Event: 30.021 Thread 0x00000265cbe8e070 Uncommon trap: reason=class_check action=maybe_recompile pc=0x00000265d705b5ec method=java.util.concurrent.ConcurrentHashMap.putVal(Ljava/lang/Object;Ljava/lang/Object;Z)Ljava/lang/Object; @ 242 c2
Event: 30.021 Thread 0x00000265cbe8e070 DEOPT PACKING pc=0x00000265d705b5ec sp=0x000000a7cedfe250
Event: 30.021 Thread 0x00000265cbe8e070 DEOPT UNPACKING pc=0x00000265cf5923a3 sp=0x000000a7cedfe1c0 mode 2
Event: 30.485 Thread 0x00000265cbe8e070 DEOPT PACKING pc=0x00000265d0056931 sp=0x000000a7cedfd570
Event: 30.485 Thread 0x00000265cbe8e070 DEOPT UNPACKING pc=0x00000265cf592b43 sp=0x000000a7cedfca68 mode 0

Classes unloaded (0 events):
No events

Classes redefined (0 events):
No events

Internal exceptions (20 events):
Event: 2.773 Thread 0x00000265cbe8e070 Exception <a 'java/lang/NoSuchMethodError'{0x00000000a37d9080}: 'int java.lang.invoke.DirectMethodHandle$Holder.invokeStaticInit(java.lang.Object, java.lang.Object, java.lang.Object, java.lang.Object)'> (0x00000000a37d9080) 
thrown [s\src\hotspot\share\interpreter\linkResolver.cpp, line 759]
Event: 3.089 Thread 0x00000265cbe8e070 Exception <a 'java/lang/NoSuchMethodError'{0x00000000a6aab978}: 'java.lang.Object java.lang.invoke.DirectMethodHandle$Holder.invokeInterface(java.lang.Object, java.lang.Object, java.lang.Object)'> (0x00000000a6aab978) 
thrown [s\src\hotspot\share\interpreter\linkResolver.cpp, line 759]
Event: 3.089 Thread 0x00000265cbe8e070 Exception <a 'java/lang/IncompatibleClassChangeError'{0x00000000a6aaf2e8}: Found class java.lang.Object, but interface was expected> (0x00000000a6aaf2e8) 
thrown [s\src\hotspot\share\interpreter\linkResolver.cpp, line 826]
Event: 3.090 Thread 0x00000265cbe8e070 Exception <a 'java/lang/NoSuchMethodError'{0x00000000a6ab5ce8}: 'int java.lang.invoke.DirectMethodHandle$Holder.invokeSpecialIFC(java.lang.Object, java.lang.Object, java.lang.Object, java.lang.Object)'> (0x00000000a6ab5ce8) 
thrown [s\src\hotspot\share\interpreter\linkResolver.cpp, line 759]
Event: 3.239 Thread 0x00000265cbe8e070 Exception <a 'java/lang/NoSuchMethodError'{0x00000000a593e8e0}: 'java.lang.Object java.lang.invoke.DirectMethodHandle$Holder.newInvokeSpecial(java.lang.Object, java.lang.Object, int, int)'> (0x00000000a593e8e0) 
thrown [s\src\hotspot\share\interpreter\linkResolver.cpp, line 759]
Event: 3.240 Thread 0x00000265cbe8e070 Exception <a 'java/lang/NoSuchMethodError'{0x00000000a5949478}: 'void java.lang.invoke.DirectMethodHandle$Holder.invokeStatic(java.lang.Object, java.lang.Object, int)'> (0x00000000a5949478) 
thrown [s\src\hotspot\share\interpreter\linkResolver.cpp, line 759]
Event: 3.254 Thread 0x00000265cbe8e070 Exception <a 'java/lang/NoSuchMethodError'{0x00000000a59efd48}: 'java.lang.Object java.lang.invoke.DirectMethodHandle$Holder.newInvokeSpecial(java.lang.Object, java.lang.Object, java.lang.Object, java.lang.Object, java.lang.Object)'> (0x00000000a59efd48) 
thrown [s\src\hotspot\share\interpreter\linkResolver.cpp, line 759]
Event: 3.292 Thread 0x00000265cbe8e070 Exception <a 'java/lang/NoSuchMethodError'{0x00000000a5743ff8}: 'int java.lang.invoke.DirectMethodHandle$Holder.invokeSpecialIFC(java.lang.Object, java.lang.Object, java.lang.Object)'> (0x00000000a5743ff8) 
thrown [s\src\hotspot\share\interpreter\linkResolver.cpp, line 759]
Event: 3.377 Thread 0x00000265cbe8e070 Exception <a 'java/lang/NoSuchMethodError'{0x00000000a543c860}: 'void java.lang.invoke.DirectMethodHandle$Holder.invokeSpecial(java.lang.Object, java.lang.Object, java.lang.Object, java.lang.Object, java.lang.Object, java.lang.Object)'> (0x00000000a543c860) 
thrown [s\src\hotspot\share\interpreter\linkResolver.cpp, line 759]
Event: 4.648 Thread 0x00000265cbe8e070 Exception <a 'java/lang/NoSuchMethodError'{0x00000000a4cbffa8}: 'java.lang.Object java.lang.invoke.DirectMethodHandle$Holder.invokeSpecialIFC(java.lang.Object, java.lang.Object, java.lang.Object)'> (0x00000000a4cbffa8) 
thrown [s\src\hotspot\share\interpreter\linkResolver.cpp, line 759]
Event: 4.657 Thread 0x00000265cbe8e070 Exception <a 'java/lang/NoSuchMethodError'{0x00000000a4ce71e8}: 'void java.lang.invoke.DirectMethodHandle$Holder.invokeSpecial(java.lang.Object, java.lang.Object, java.lang.Object)'> (0x00000000a4ce71e8) 
thrown [s\src\hotspot\share\interpreter\linkResolver.cpp, line 759]
Event: 4.817 Thread 0x00000265cbe8e070 Exception <a 'java/lang/ClassNotFoundException'{0x00000000a4717618}: sun/util/logging/resources/spi/loggingProvider> (0x00000000a4717618) 
thrown [s\src\hotspot\share\classfile\systemDictionary.cpp, line 256]
Event: 7.643 Thread 0x00000265cbe8e070 Implicit null exception at 0x00000265d70e6dd7 to 0x00000265d70e7058
Event: 8.629 Thread 0x00000265cbe8e070 Implicit null exception at 0x00000265d70a5657 to 0x00000265d70a58b8
Event: 12.783 Thread 0x00000265e8e79f60 Exception <a 'sun/net/ConnectionResetException'{0x00000000a4aae978}: Connection reset> (0x00000000a4aae978) 
thrown [s\src\hotspot\share\prims\jni.cpp, line 535]
Event: 12.783 Thread 0x00000265e8e765a0 Exception <a 'sun/net/ConnectionResetException'{0x00000000a410ae08}: Connection reset> (0x00000000a410ae08) 
thrown [s\src\hotspot\share\prims\jni.cpp, line 535]
Event: 12.876 Thread 0x00000265e8e77410 Exception <a 'java/net/ConnectException'{0x00000000a4162940}: Connection refused: no further information> (0x00000000a4162940) 
thrown [s\src\hotspot\share\prims\jni.cpp, line 535]
Event: 12.877 Thread 0x00000265e8e77410 Exception <a 'java/net/SocketException'{0x00000000a4162c78}: Socket is not connected: shutdown> (0x00000000a4162c78) 
thrown [s\src\hotspot\share\prims\jni.cpp, line 535]
Event: 12.940 Thread 0x00000265cbe8e070 Exception <a 'java/net/SocketException'{0x00000000a42c6048}: Socket is not connected: shutdown> (0x00000000a42c6048) 
thrown [s\src\hotspot\share\prims\jni.cpp, line 535]
Event: 12.941 Thread 0x00000265cbe8e070 Exception <a 'java/net/SocketException'{0x00000000a42c68b0}: Socket is not connected: shutdown> (0x00000000a42c68b0) 
thrown [s\src\hotspot\share\prims\jni.cpp, line 535]

VM Operations (20 events):
Event: 13.279 Executing VM operation: Cleanup done
Event: 13.382 Executing VM operation: G1CollectForAllocation
Event: 13.386 Executing VM operation: G1CollectForAllocation done
Event: 14.391 Executing VM operation: Cleanup
Event: 14.391 Executing VM operation: Cleanup done
Event: 27.478 Executing VM operation: Cleanup
Event: 27.478 Executing VM operation: Cleanup done
Event: 28.486 Executing VM operation: Cleanup
Event: 28.486 Executing VM operation: Cleanup done
Event: 30.476 Executing VM operation: G1TryInitiateConcMark
Event: 30.479 Executing VM operation: G1TryInitiateConcMark done
Event: 30.489 Executing VM operation: G1Concurrent
Event: 30.492 Executing VM operation: G1Concurrent done
Event: 30.495 Executing VM operation: G1Concurrent
Event: 30.495 Executing VM operation: G1Concurrent done
Event: 30.500 Executing VM operation: G1TryInitiateConcMark
Event: 30.502 Executing VM operation: G1TryInitiateConcMark done
Event: 30.507 Executing VM operation: G1TryInitiateConcMark
Event: 30.508 Executing VM operation: G1TryInitiateConcMark done
Event: 30.509 Executing VM operation: G1TryInitiateConcMark

Events (20 events):
Event: 12.786 loading class java/lang/Throwable$WrappedPrintWriter done
Event: 12.854 Thread 0x00000265e8e78750 Thread added: 0x00000265e8e78750
Event: 12.877 loading class sun/net/util/SocketExceptions
Event: 12.877 loading class sun/net/util/SocketExceptions done
Event: 12.878 Thread 0x00000265e8e778e0 Thread exited: 0x00000265e8e778e0
Event: 12.878 Thread 0x00000265e7e98c90 Thread exited: 0x00000265e7e98c90
Event: 12.881 Thread 0x00000265e937b270 Thread exited: 0x00000265e937b270
Event: 12.939 Thread 0x00000265e8e795c0 Thread exited: 0x00000265e8e795c0
Event: 12.939 Thread 0x00000265e8e77db0 Thread exited: 0x00000265e8e77db0
Event: 12.939 Thread 0x00000265e8e76a70 Thread exited: 0x00000265e8e76a70
Event: 12.939 Thread 0x00000265e8e78280 Thread exited: 0x00000265e8e78280
Event: 13.307 Thread 0x00000265e8e778e0 Thread added: 0x00000265e8e778e0
Event: 13.314 Thread 0x00000265e8e78c20 Thread added: 0x00000265e8e78c20
Event: 13.314 Thread 0x00000265e8e78280 Thread added: 0x00000265e8e78280
Event: 13.372 Thread 0x00000265e8e795c0 Thread added: 0x00000265e8e795c0
Event: 13.372 Thread 0x00000265e8e76a70 Thread added: 0x00000265e8e76a70
Event: 13.379 Thread 0x00000265e8e77db0 Thread added: 0x00000265e8e77db0
Event: 14.012 Thread 0x00000265e8e790f0 Thread added: 0x00000265e8e790f0
Event: 14.020 Thread 0x00000265e8e79a90 Thread added: 0x00000265e8e79a90
Event: 17.868 Thread 0x00000265e8e78750 Thread exited: 0x00000265e8e78750


Dynamic libraries:
0x00007ff6289e0000 - 0x00007ff6289ee000 	D:\Software\eclipse-java-2022-09-R-win32-x86_64\eclipse\plugins\org.eclipse.justj.openjdk.hotspot.jre.full.win32.x86_64_17.0.4.v20220903-1038\jre\bin\javaw.exe
0x00007fff4ca70000 - 0x00007fff4cc84000 	C:\WINDOWS\SYSTEM32\ntdll.dll
0x00007fff4bbd0000 - 0x00007fff4bc94000 	C:\WINDOWS\System32\KERNEL32.DLL
0x00007fff4a400000 - 0x00007fff4a7a4000 	C:\WINDOWS\System32\KERNELBASE.dll
0x00007fff4a220000 - 0x00007fff4a331000 	C:\WINDOWS\System32\ucrtbase.dll
0x00007fff3f410000 - 0x00007fff3f428000 	D:\Software\eclipse-java-2022-09-R-win32-x86_64\eclipse\plugins\org.eclipse.justj.openjdk.hotspot.jre.full.win32.x86_64_17.0.4.v20220903-1038\jre\bin\jli.dll
0x00007fff0b250000 - 0x00007fff0b269000 	D:\Software\eclipse-java-2022-09-R-win32-x86_64\eclipse\plugins\org.eclipse.justj.openjdk.hotspot.jre.full.win32.x86_64_17.0.4.v20220903-1038\jre\bin\VCRUNTIME140.dll
0x00007fff4bdc0000 - 0x00007fff4bf6a000 	C:\WINDOWS\System32\USER32.dll
0x00007fff4a080000 - 0x00007fff4a0a6000 	C:\WINDOWS\System32\win32u.dll
0x00007fff20c30000 - 0x00007fff20ebf000 	C:\WINDOWS\WinSxS\amd64_microsoft.windows.common-controls_6595b64144ccf1df_6.0.22621.2070_none_2713e6537381f706\COMCTL32.dll
0x00007fff4c0c0000 - 0x00007fff4c0e9000 	C:\WINDOWS\System32\GDI32.dll
0x00007fff4b200000 - 0x00007fff4b2a7000 	C:\WINDOWS\System32\msvcrt.dll
0x00007fff49ef0000 - 0x00007fff4a009000 	C:\WINDOWS\System32\gdi32full.dll
0x00007fff49e50000 - 0x00007fff49eea000 	C:\WINDOWS\System32\msvcp_win.dll
0x00007fff4bfd0000 - 0x00007fff4c001000 	C:\WINDOWS\System32\IMM32.DLL
0x00007fff34c20000 - 0x00007fff34c2c000 	D:\Software\eclipse-java-2022-09-R-win32-x86_64\eclipse\plugins\org.eclipse.justj.openjdk.hotspot.jre.full.win32.x86_64_17.0.4.v20220903-1038\jre\bin\vcruntime140_1.dll
0x00007fff056f0000 - 0x00007fff05781000 	D:\Software\eclipse-java-2022-09-R-win32-x86_64\eclipse\plugins\org.eclipse.justj.openjdk.hotspot.jre.full.win32.x86_64_17.0.4.v20220903-1038\jre\bin\msvcp140.dll
0x00007ffe94130000 - 0x00007ffe94d76000 	D:\Software\eclipse-java-2022-09-R-win32-x86_64\eclipse\plugins\org.eclipse.justj.openjdk.hotspot.jre.full.win32.x86_64_17.0.4.v20220903-1038\jre\bin\server\jvm.dll
0x00007fff4a830000 - 0x00007fff4a8e0000 	C:\WINDOWS\System32\ADVAPI32.dll
0x00007fff4bd10000 - 0x00007fff4bdb6000 	C:\WINDOWS\System32\sechost.dll
0x00007fff4b2b0000 - 0x00007fff4b3c7000 	C:\WINDOWS\System32\RPCRT4.dll
0x00007fff4c0f0000 - 0x00007fff4c0f8000 	C:\WINDOWS\System32\PSAPI.DLL
0x00007fff423f0000 - 0x00007fff42424000 	C:\WINDOWS\SYSTEM32\WINMM.dll
0x00007fff2ef90000 - 0x00007fff2ef99000 	C:\WINDOWS\SYSTEM32\WSOCK32.dll
0x00007fff3e480000 - 0x00007fff3e48a000 	C:\WINDOWS\SYSTEM32\VERSION.dll
0x00007fff4c830000 - 0x00007fff4c8a1000 	C:\WINDOWS\System32\WS2_32.dll
0x00007fff48e20000 - 0x00007fff48e38000 	C:\WINDOWS\SYSTEM32\kernel.appcore.dll
0x00007fff44f70000 - 0x00007fff44f7a000 	D:\Software\eclipse-java-2022-09-R-win32-x86_64\eclipse\plugins\org.eclipse.justj.openjdk.hotspot.jre.full.win32.x86_64_17.0.4.v20220903-1038\jre\bin\jimage.dll
0x00007fff47a10000 - 0x00007fff47c3e000 	C:\WINDOWS\SYSTEM32\DBGHELP.DLL
0x00007fff4c100000 - 0x00007fff4c48a000 	C:\WINDOWS\System32\combase.dll
0x00007fff4b100000 - 0x00007fff4b1d7000 	C:\WINDOWS\System32\OLEAUT32.dll
0x00007fff2dd90000 - 0x00007fff2ddc2000 	C:\WINDOWS\SYSTEM32\dbgcore.DLL
0x00007fff4a7b0000 - 0x00007fff4a82a000 	C:\WINDOWS\System32\bcryptPrimitives.dll
0x00007fff3e500000 - 0x00007fff3e525000 	D:\Software\eclipse-java-2022-09-R-win32-x86_64\eclipse\plugins\org.eclipse.justj.openjdk.hotspot.jre.full.win32.x86_64_17.0.4.v20220903-1038\jre\bin\java.dll
0x00007fff349b0000 - 0x00007fff349c8000 	D:\Software\eclipse-java-2022-09-R-win32-x86_64\eclipse\plugins\org.eclipse.justj.openjdk.hotspot.jre.full.win32.x86_64_17.0.4.v20220903-1038\jre\bin\zip.dll
0x00007fff4a8e0000 - 0x00007fff4b0f6000 	C:\WINDOWS\System32\SHELL32.dll
0x00007fff47dd0000 - 0x00007fff486ba000 	C:\WINDOWS\SYSTEM32\windows.storage.dll
0x00007fff47c90000 - 0x00007fff47dce000 	C:\WINDOWS\SYSTEM32\wintypes.dll
0x00007fff4c730000 - 0x00007fff4c823000 	C:\WINDOWS\System32\SHCORE.dll
0x00007fff4bf70000 - 0x00007fff4bfce000 	C:\WINDOWS\System32\shlwapi.dll
0x00007fff49d80000 - 0x00007fff49da6000 	C:\WINDOWS\SYSTEM32\profapi.dll
0x00007fff33500000 - 0x00007fff33519000 	D:\Software\eclipse-java-2022-09-R-win32-x86_64\eclipse\plugins\org.eclipse.justj.openjdk.hotspot.jre.full.win32.x86_64_17.0.4.v20220903-1038\jre\bin\net.dll
0x00007fff42aa0000 - 0x00007fff42bd7000 	C:\WINDOWS\SYSTEM32\WINHTTP.dll
0x00007fff49310000 - 0x00007fff49379000 	C:\WINDOWS\system32\mswsock.dll
0x00007fff27f70000 - 0x00007fff27f85000 	D:\Software\eclipse-java-2022-09-R-win32-x86_64\eclipse\plugins\org.eclipse.justj.openjdk.hotspot.jre.full.win32.x86_64_17.0.4.v20220903-1038\jre\bin\nio.dll
0x00007fff48990000 - 0x00007fff48a83000 	C:\WINDOWS\SYSTEM32\DNSAPI.dll
0x00007fff48920000 - 0x00007fff4894d000 	C:\WINDOWS\SYSTEM32\IPHLPAPI.DLL
0x00007fff4bbb0000 - 0x00007fff4bbb9000 	C:\WINDOWS\System32\NSI.dll
0x00007fff42db0000 - 0x00007fff42dba000 	C:\Windows\System32\rasadhlp.dll
0x00007fff41020000 - 0x00007fff410a4000 	C:\WINDOWS\System32\fwpuclnt.dll
0x00007fff49560000 - 0x00007fff4957b000 	C:\WINDOWS\SYSTEM32\CRYPTSP.dll
0x00007fff48de0000 - 0x00007fff48e15000 	C:\WINDOWS\system32\rsaenh.dll
0x00007fff49400000 - 0x00007fff4942c000 	C:\WINDOWS\SYSTEM32\USERENV.dll
0x00007fff49790000 - 0x00007fff497b8000 	C:\WINDOWS\SYSTEM32\bcrypt.dll
0x00007fff49580000 - 0x00007fff4958c000 	C:\WINDOWS\SYSTEM32\CRYPTBASE.dll
0x00007fff429f0000 - 0x00007fff42a09000 	C:\WINDOWS\SYSTEM32\dhcpcsvc6.DLL
0x00007fff429d0000 - 0x00007fff429ef000 	C:\WINDOWS\SYSTEM32\dhcpcsvc.DLL
0x00007fff3e4f0000 - 0x00007fff3e500000 	D:\Software\eclipse-java-2022-09-R-win32-x86_64\eclipse\plugins\org.eclipse.justj.openjdk.hotspot.jre.full.win32.x86_64_17.0.4.v20220903-1038\jre\bin\verify.dll
0x00007fff46c90000 - 0x00007fff46d27000 	C:\WINDOWS\system32\apphelp.dll
0x00007fff273b0000 - 0x00007fff273b9000 	D:\Software\eclipse-java-2022-09-R-win32-x86_64\eclipse\plugins\org.eclipse.justj.openjdk.hotspot.jre.full.win32.x86_64_17.0.4.v20220903-1038\jre\bin\management.dll
0x00007fff270d0000 - 0x00007fff270db000 	D:\Software\eclipse-java-2022-09-R-win32-x86_64\eclipse\plugins\org.eclipse.justj.openjdk.hotspot.jre.full.win32.x86_64_17.0.4.v20220903-1038\jre\bin\management_ext.dll
0x00007fff349a0000 - 0x00007fff349ae000 	D:\Software\eclipse-java-2022-09-R-win32-x86_64\eclipse\plugins\org.eclipse.justj.openjdk.hotspot.jre.full.win32.x86_64_17.0.4.v20220903-1038\jre\bin\sunmscapi.dll
0x00007fff4a0b0000 - 0x00007fff4a217000 	C:\WINDOWS\System32\CRYPT32.dll
0x00007fff49760000 - 0x00007fff4978e000 	C:\WINDOWS\SYSTEM32\ncrypt.dll
0x00007fff49720000 - 0x00007fff49757000 	C:\WINDOWS\SYSTEM32\NTASN1.dll
0x00007fff28020000 - 0x00007fff28028000 	C:\WINDOWS\system32\wshunix.dll

dbghelp: loaded successfully - version: 4.0.5 - missing functions: none
symbol engine: initialized successfully - sym options: 0x614 - pdb path: .;D:\Software\eclipse-java-2022-09-R-win32-x86_64\eclipse\plugins\org.eclipse.justj.openjdk.hotspot.jre.full.win32.x86_64_17.0.4.v20220903-1038\jre\bin;C:\WINDOWS\SYSTEM32;C:\WINDOWS\WinSxS\amd64_microsoft.windows.common-controls_6595b64144ccf1df_6.0.22621.2070_none_2713e6537381f706;D:\Software\eclipse-java-2022-09-R-win32-x86_64\eclipse\plugins\org.eclipse.justj.openjdk.hotspot.jre.full.win32.x86_64_17.0.4.v20220903-1038\jre\bin\server

VM Arguments:
jvm_args: -ea -Dfile.encoding=UTF-8 -XX:+ShowCodeDetailsInExceptionMessages 
java_command: org.testng.remote.RemoteTestNG -serport 62396 -protocol json -d C:\Users\LENOVO\eclipse-workspace\NewWorkSpace\Qkart_project\test-output C:\Users\LENOVO\eclipse-workspace\NewWorkSpace\Qkart_project\Registration.xml
java_class_path (initial): D:\Software\eclipse-java-2022-09-R-win32-x86_64\eclipse\configuration\org.eclipse.osgi\440\0\.cp\lib\testng-remote.jar;C:\Users\LENOVO\eclipse-workspace\NewWorkSpace\Qkart_project\target\test-classes;C:\Users\LENOVO\eclipse-workspace\NewWorkSpace\Qkart_project\target\classes;C:\Users\LENOVO\.m2\repository\org\apache\poi\poi-ooxml\5.2.2\poi-ooxml-5.2.2.jar;C:\Users\LENOVO\.m2\repository\org\apache\poi\poi-ooxml-lite\5.2.2\poi-ooxml-lite-5.2.2.jar;C:\Users\LENOVO\.m2\repository\org\apache\xmlbeans\xmlbeans\5.0.3\xmlbeans-5.0.3.jar;C:\Users\LENOVO\.m2\repository\org\apache\commons\commons-compress\1.21\commons-compress-1.21.jar;C:\Users\LENOVO\.m2\repository\commons-io\commons-io\2.11.0\commons-io-2.11.0.jar;C:\Users\LENOVO\.m2\repository\com\github\virtuald\curvesapi\1.07\curvesapi-1.07.jar;C:\Users\LENOVO\.m2\repository\org\apache\logging\log4j\log4j-api\2.17.2\log4j-api-2.17.2.jar;C:\Users\LENOVO\.m2\repository\org\apache\commons\commons-collections4\4.4\commons-collections4-4.4.jar;C:\Users\LENOVO\.m2\repository\com\aventstack\extentreports\5.0.8\extentreports-5.0.8.jar;C:\Users\LENOVO\.m2\repository\io\reactivex\rxjava3\rxjava\3.0.4\rxjava-3.0.4.jar;C:\Users\LENOVO\.m2\repository\org\reactivestreams\reactive-streams\1.0.3\reactive-streams-1.0.3.jar;C:\Users\LENOVO\.m2\repository\org\freemarker\freemarker\2.3.30\freemarker-2.3.30.jar;C:\Users\LENOVO\.m2\repository\org\projectlombok\lombok\1.18.12\lombok-1.18.12.jar;C:\Users\LENOVO\.m2\repository\com\google\code\gson\gson\2.8.6\gson-2.8.6.jar;C:\Users\LENOVO\.m2\repository\org\apache\poi\poi\5.2.2\poi-5.2.2.jar;C:\Users\LENOVO\.m2\repository\commons-codec\commons-codec\1.15\commons-codec-1.15.jar;C:\Users\LENOVO\.m2\repository\org\apache\commons\commons-math3\3.6.1\commons-math3-3.6.1.jar;C:\Users\LENOVO\.m2\repository\com\zaxxer\SparseBitSet\1.2\SparseBitSet-1.2.jar;C:\Users\LENOVO\.m2\repository\org\testng\testng\7.4.0\testng-7.4.0.jar;C:\Users\LENOVO\.m2\repository\com\beust\jcommande
Launcher Type: SUN_STANDARD

[Global flags]
     intx CICompilerCount                          = 4                                         {product} {ergonomic}
     uint ConcGCThreads                            = 3                                         {product} {ergonomic}
     uint G1ConcRefinementThreads                  = 10                                        {product} {ergonomic}
   size_t G1HeapRegionSize                         = 1048576                                   {product} {ergonomic}
    uintx GCDrainStackTargetSize                   = 64                                        {product} {ergonomic}
   size_t InitialHeapSize                          = 98566144                                  {product} {ergonomic}
   size_t MarkStackSize                            = 4194304                                   {product} {ergonomic}
   size_t MaxHeapSize                              = 1574961152                                {product} {ergonomic}
   size_t MaxNewSize                               = 944766976                                 {product} {ergonomic}
   size_t MinHeapDeltaBytes                        = 1048576                                   {product} {ergonomic}
   size_t MinHeapSize                              = 8388608                                   {product} {ergonomic}
    uintx NonNMethodCodeHeapSize                   = 5839372                                {pd product} {ergonomic}
    uintx NonProfiledCodeHeapSize                  = 122909434                              {pd product} {ergonomic}
    uintx ProfiledCodeHeapSize                     = 122909434                              {pd product} {ergonomic}
    uintx ReservedCodeCacheSize                    = 251658240                              {pd product} {ergonomic}
     bool SegmentedCodeCache                       = true                                      {product} {ergonomic}
     bool ShowCodeDetailsInExceptionMessages       = true                                   {manageable} {command line}
   size_t SoftMaxHeapSize                          = 1574961152                             {manageable} {ergonomic}
     bool UseCompressedClassPointers               = true                           {product lp64_product} {ergonomic}
     bool UseCompressedOops                        = true                           {product lp64_product} {ergonomic}
     bool UseG1GC                                  = true                                      {product} {ergonomic}
     bool UseLargePagesIndividualAllocation        = false                                  {pd product} {ergonomic}

Logging:
Log output configuration:
 #0: stdout all=warning uptime,level,tags
 #1: stderr all=off uptime,level,tags

Environment Variables:
PATH=D:/Software/eclipse-java-2022-09-R-win32-x86_64/eclipse//plugins/org.eclipse.justj.openjdk.hotspot.jre.full.win32.x86_64_17.0.4.v20220903-1038/jre/bin/server;D:/Software/eclipse-java-2022-09-R-win32-x86_64/eclipse//plugins/org.eclipse.justj.openjdk.hotspot.jre.full.win32.x86_64_17.0.4.v20220903-1038/jre/bin;C:\Program Files\Common Files\Oracle\Java\javapath;D:\oracle\product\10.2.0\db_1\bin;D:\oracleApp\WINDOWS.X64_193000_db_home\bin;C:\WINDOWS\system32;C:\WINDOWS;C:\WINDOWS\System32\Wbem;C:\WINDOWS\System32\WindowsPowerShell\v1.0\;C:\WINDOWS\System32\OpenSSH\;C:\Program Files\dotnet\;C:\Program Files\Microsoft SQL Server\130\Tools\Binn\;C:\Program Files\Microsoft SQL Server\Client SDK\ODBC\170\Tools\Binn\;C:\Program Files\Git\cmd;C:\Users\LENOVO\Downloads\apache-maven-3.8.6-bin\bin;C:\Program Files\Docker\Docker\resources\bin;C:\Program Files\Java\jdk-11\bin;C:\Gradle\gradle-5.6.4\bin;D:\Software\apache-maven-3.9.4-bin\apache-maven-3.9.4\bin;C:\Users\LENOVO\AppData\Local\Microsoft\WindowsApps;C:\Program Files\JetBrains\IntelliJ IDEA Community Edition 2021.1.3\bin;C:\Gradle\gradle-8.1.1-bin;;C:\Users\LENOVO\.dotnet\tools;C:\Users\LENOVO\AppData\Local\Programs\Microsoft VS Code\bin;C:\Program Files\Java\jdk-11\bin;D:\Software\apache-maven-3.9.4-bin\apache-maven-3.9.4\bin;;D:\Software\eclipse-java-2022-09-R-win32-x86_64\eclipse;
USERNAME=LENOVO
OS=Windows_NT
PROCESSOR_IDENTIFIER=AMD64 Family 23 Model 104 Stepping 1, AuthenticAMD
TMP=C:\Users\LENOVO\AppData\Local\Temp
TEMP=C:\Users\LENOVO\AppData\Local\Temp



---------------  S Y S T E M  ---------------

OS:
 Windows 11 , 64 bit Build 22621 (10.0.22621.2070)
OS uptime: 6 days 19:55 hours
Hyper-V role detected

CPU: total 12 (initial active 12) (12 cores per cpu, 2 threads per core) family 23 model 104 stepping 1 microcode 0x0, cx8, cmov, fxsr, ht, mmx, 3dnowpref, sse, sse2, sse3, ssse3, sse4a, sse4.1, sse4.2, popcnt, lzcnt, tsc, tscinvbit, avx, avx2, aes, clmul, bmi1, bmi2, adx, sha, fma, vzeroupper, clflush, clflushopt, hv

Memory: 4k page, system-wide physical 6005M (286M free)
TotalPageFile size 24437M (AvailPageFile size 53M)
current process WorkingSet (physical memory assigned to process): 188M, peak: 194M
current process commit charge ("private bytes"): 261M, peak: 337M

vm_info: OpenJDK 64-Bit Server VM (17.0.4.1+1) for windows-amd64 JRE (17.0.4.1+1), built on Aug 17 2022 07:42:43 by "temurin" with MS VC++ 16.7 (VS2019)

END.
